[2018-12-22 11:32:03,904] INFO Reading configuration from: kafka_2.12-2.1.0/config/zookeeper.properties (org.apache.zookeeper.server.quorum.QuorumPeerConfig)
[2018-12-22 11:32:03,909] INFO autopurge.snapRetainCount set to 3 (org.apache.zookeeper.server.DatadirCleanupManager)
[2018-12-22 11:32:03,910] INFO autopurge.purgeInterval set to 0 (org.apache.zookeeper.server.DatadirCleanupManager)
[2018-12-22 11:32:03,910] INFO Purge task is not scheduled. (org.apache.zookeeper.server.DatadirCleanupManager)
[2018-12-22 11:32:03,910] WARN Either no config or no quorum defined in config, running  in standalone mode (org.apache.zookeeper.server.quorum.QuorumPeerMain)
[2018-12-22 11:32:03,930] INFO Reading configuration from: kafka_2.12-2.1.0/config/zookeeper.properties (org.apache.zookeeper.server.quorum.QuorumPeerConfig)
[2018-12-22 11:32:03,931] INFO Starting server (org.apache.zookeeper.server.ZooKeeperServerMain)
[2018-12-22 11:32:03,959] INFO Registered kafka:type=kafka.Log4jController MBean (kafka.utils.Log4jControllerRegistration$)
[2018-12-22 11:32:04,038] INFO Server environment:zookeeper.version=3.4.13-2d71af4dbe22557fda74f9a9b4309b15a7487f03, built on 06/29/2018 00:39 GMT (org.apache.zookeeper.server.ZooKeeperServer)
[2018-12-22 11:32:04,038] INFO Server environment:host.name=10.0.0.178 (org.apache.zookeeper.server.ZooKeeperServer)
[2018-12-22 11:32:04,038] INFO Server environment:java.version=1.8.0_171 (org.apache.zookeeper.server.ZooKeeperServer)
[2018-12-22 11:32:04,038] INFO Server environment:java.vendor=Oracle Corporation (org.apache.zookeeper.server.ZooKeeperServer)
[2018-12-22 11:32:04,038] INFO Server environment:java.home=/Library/Java/JavaVirtualMachines/jdk1.8.0_171.jdk/Contents/Home/jre (org.apache.zookeeper.server.ZooKeeperServer)
[2018-12-22 11:32:04,039] INFO Server environment:java.class.path=/Users/narayanandurgadathan/PersonalGitRepo/QueueToDatabaseMutation/bin/kafka_2.12-2.1.0/bin/../libs/activation-1.1.1.jar:/Users/narayanandurgadathan/PersonalGitRepo/QueueToDatabaseMutation/bin/kafka_2.12-2.1.0/bin/../libs/aopalliance-repackaged-2.5.0-b42.jar:/Users/narayanandurgadathan/PersonalGitRepo/QueueToDatabaseMutation/bin/kafka_2.12-2.1.0/bin/../libs/argparse4j-0.7.0.jar:/Users/narayanandurgadathan/PersonalGitRepo/QueueToDatabaseMutation/bin/kafka_2.12-2.1.0/bin/../libs/audience-annotations-0.5.0.jar:/Users/narayanandurgadathan/PersonalGitRepo/QueueToDatabaseMutation/bin/kafka_2.12-2.1.0/bin/../libs/commons-lang3-3.5.jar:/Users/narayanandurgadathan/PersonalGitRepo/QueueToDatabaseMutation/bin/kafka_2.12-2.1.0/bin/../libs/compileScala.mapping:/Users/narayanandurgadathan/PersonalGitRepo/QueueToDatabaseMutation/bin/kafka_2.12-2.1.0/bin/../libs/compileScala.mapping.asc:/Users/narayanandurgadathan/PersonalGitRepo/QueueToDatabaseMutation/bin/kafka_2.12-2.1.0/bin/../libs/connect-api-2.1.0.jar:/Users/narayanandurgadathan/PersonalGitRepo/QueueToDatabaseMutation/bin/kafka_2.12-2.1.0/bin/../libs/connect-basic-auth-extension-2.1.0.jar:/Users/narayanandurgadathan/PersonalGitRepo/QueueToDatabaseMutation/bin/kafka_2.12-2.1.0/bin/../libs/connect-file-2.1.0.jar:/Users/narayanandurgadathan/PersonalGitRepo/QueueToDatabaseMutation/bin/kafka_2.12-2.1.0/bin/../libs/connect-json-2.1.0.jar:/Users/narayanandurgadathan/PersonalGitRepo/QueueToDatabaseMutation/bin/kafka_2.12-2.1.0/bin/../libs/connect-runtime-2.1.0.jar:/Users/narayanandurgadathan/PersonalGitRepo/QueueToDatabaseMutation/bin/kafka_2.12-2.1.0/bin/../libs/connect-transforms-2.1.0.jar:/Users/narayanandurgadathan/PersonalGitRepo/QueueToDatabaseMutation/bin/kafka_2.12-2.1.0/bin/../libs/guava-20.0.jar:/Users/narayanandurgadathan/PersonalGitRepo/QueueToDatabaseMutation/bin/kafka_2.12-2.1.0/bin/../libs/hk2-api-2.5.0-b42.jar:/Users/narayanandurgadathan/PersonalGitRepo/QueueToDatabaseMutation/bin/kafka_2.12-2.1.0/bin/../libs/hk2-locator-2.5.0-b42.jar:/Users/narayanandurgadathan/PersonalGitRepo/QueueToDatabaseMutation/bin/kafka_2.12-2.1.0/bin/../libs/hk2-utils-2.5.0-b42.jar:/Users/narayanandurgadathan/PersonalGitRepo/QueueToDatabaseMutation/bin/kafka_2.12-2.1.0/bin/../libs/jackson-annotations-2.9.7.jar:/Users/narayanandurgadathan/PersonalGitRepo/QueueToDatabaseMutation/bin/kafka_2.12-2.1.0/bin/../libs/jackson-core-2.9.7.jar:/Users/narayanandurgadathan/PersonalGitRepo/QueueToDatabaseMutation/bin/kafka_2.12-2.1.0/bin/../libs/jackson-databind-2.9.7.jar:/Users/narayanandurgadathan/PersonalGitRepo/QueueToDatabaseMutation/bin/kafka_2.12-2.1.0/bin/../libs/jackson-jaxrs-base-2.9.7.jar:/Users/narayanandurgadathan/PersonalGitRepo/QueueToDatabaseMutation/bin/kafka_2.12-2.1.0/bin/../libs/jackson-jaxrs-json-provider-2.9.7.jar:/Users/narayanandurgadathan/PersonalGitRepo/QueueToDatabaseMutation/bin/kafka_2.12-2.1.0/bin/../libs/jackson-module-jaxb-annotations-2.9.7.jar:/Users/narayanandurgadathan/PersonalGitRepo/QueueToDatabaseMutation/bin/kafka_2.12-2.1.0/bin/../libs/javassist-3.22.0-CR2.jar:/Users/narayanandurgadathan/PersonalGitRepo/QueueToDatabaseMutation/bin/kafka_2.12-2.1.0/bin/../libs/javax.annotation-api-1.2.jar:/Users/narayanandurgadathan/PersonalGitRepo/QueueToDatabaseMutation/bin/kafka_2.12-2.1.0/bin/../libs/javax.inject-1.jar:/Users/narayanandurgadathan/PersonalGitRepo/QueueToDatabaseMutation/bin/kafka_2.12-2.1.0/bin/../libs/javax.inject-2.5.0-b42.jar:/Users/narayanandurgadathan/PersonalGitRepo/QueueToDatabaseMutation/bin/kafka_2.12-2.1.0/bin/../libs/javax.servlet-api-3.1.0.jar:/Users/narayanandurgadathan/PersonalGitRepo/QueueToDatabaseMutation/bin/kafka_2.12-2.1.0/bin/../libs/javax.ws.rs-api-2.1.1.jar:/Users/narayanandurgadathan/PersonalGitRepo/QueueToDatabaseMutation/bin/kafka_2.12-2.1.0/bin/../libs/javax.ws.rs-api-2.1.jar:/Users/narayanandurgadathan/PersonalGitRepo/QueueToDatabaseMutation/bin/kafka_2.12-2.1.0/bin/../libs/jaxb-api-2.3.0.jar:/Users/narayanandurgadathan/PersonalGitRepo/QueueToDatabaseMutation/bin/kafka_2.12-2.1.0/bin/../libs/jersey-client-2.27.jar:/Users/narayanandurgadathan/PersonalGitRepo/QueueToDatabaseMutation/bin/kafka_2.12-2.1.0/bin/../libs/jersey-common-2.27.jar:/Users/narayanandurgadathan/PersonalGitRepo/QueueToDatabaseMutation/bin/kafka_2.12-2.1.0/bin/../libs/jersey-container-servlet-2.27.jar:/Users/narayanandurgadathan/PersonalGitRepo/QueueToDatabaseMutation/bin/kafka_2.12-2.1.0/bin/../libs/jersey-container-servlet-core-2.27.jar:/Users/narayanandurgadathan/PersonalGitRepo/QueueToDatabaseMutation/bin/kafka_2.12-2.1.0/bin/../libs/jersey-hk2-2.27.jar:/Users/narayanandurgadathan/PersonalGitRepo/QueueToDatabaseMutation/bin/kafka_2.12-2.1.0/bin/../libs/jersey-media-jaxb-2.27.jar:/Users/narayanandurgadathan/PersonalGitRepo/QueueToDatabaseMutation/bin/kafka_2.12-2.1.0/bin/../libs/jersey-server-2.27.jar:/Users/narayanandurgadathan/PersonalGitRepo/QueueToDatabaseMutation/bin/kafka_2.12-2.1.0/bin/../libs/jetty-client-9.4.12.v20180830.jar:/Users/narayanandurgadathan/PersonalGitRepo/QueueToDatabaseMutation/bin/kafka_2.12-2.1.0/bin/../libs/jetty-continuation-9.4.12.v20180830.jar:/Users/narayanandurgadathan/PersonalGitRepo/QueueToDatabaseMutation/bin/kafka_2.12-2.1.0/bin/../libs/jetty-http-9.4.12.v20180830.jar:/Users/narayanandurgadathan/PersonalGitRepo/QueueToDatabaseMutation/bin/kafka_2.12-2.1.0/bin/../libs/jetty-io-9.4.12.v20180830.jar:/Users/narayanandurgadathan/PersonalGitRepo/QueueToDatabaseMutation/bin/kafka_2.12-2.1.0/bin/../libs/jetty-security-9.4.12.v20180830.jar:/Users/narayanandurgadathan/PersonalGitRepo/QueueToDatabaseMutation/bin/kafka_2.12-2.1.0/bin/../libs/jetty-server-9.4.12.v20180830.jar:/Users/narayanandurgadathan/PersonalGitRepo/QueueToDatabaseMutation/bin/kafka_2.12-2.1.0/bin/../libs/jetty-servlet-9.4.12.v20180830.jar:/Users/narayanandurgadathan/PersonalGitRepo/QueueToDatabaseMutation/bin/kafka_2.12-2.1.0/bin/../libs/jetty-servlets-9.4.12.v20180830.jar:/Users/narayanandurgadathan/PersonalGitRepo/QueueToDatabaseMutation/bin/kafka_2.12-2.1.0/bin/../libs/jetty-util-9.4.12.v20180830.jar:/Users/narayanandurgadathan/PersonalGitRepo/QueueToDatabaseMutation/bin/kafka_2.12-2.1.0/bin/../libs/jopt-simple-5.0.4.jar:/Users/narayanandurgadathan/PersonalGitRepo/QueueToDatabaseMutation/bin/kafka_2.12-2.1.0/bin/../libs/kafka-clients-2.1.0.jar:/Users/narayanandurgadathan/PersonalGitRepo/QueueToDatabaseMutation/bin/kafka_2.12-2.1.0/bin/../libs/kafka-log4j-appender-2.1.0.jar:/Users/narayanandurgadathan/PersonalGitRepo/QueueToDatabaseMutation/bin/kafka_2.12-2.1.0/bin/../libs/kafka-streams-2.1.0.jar:/Users/narayanandurgadathan/PersonalGitRepo/QueueToDatabaseMutation/bin/kafka_2.12-2.1.0/bin/../libs/kafka-streams-examples-2.1.0.jar:/Users/narayanandurgadathan/PersonalGitRepo/QueueToDatabaseMutation/bin/kafka_2.12-2.1.0/bin/../libs/kafka-streams-scala_2.12-2.1.0.jar:/Users/narayanandurgadathan/PersonalGitRepo/QueueToDatabaseMutation/bin/kafka_2.12-2.1.0/bin/../libs/kafka-streams-test-utils-2.1.0.jar:/Users/narayanandurgadathan/PersonalGitRepo/QueueToDatabaseMutation/bin/kafka_2.12-2.1.0/bin/../libs/kafka-tools-2.1.0.jar:/Users/narayanandurgadathan/PersonalGitRepo/QueueToDatabaseMutation/bin/kafka_2.12-2.1.0/bin/../libs/kafka_2.12-2.1.0-sources.jar:/Users/narayanandurgadathan/PersonalGitRepo/QueueToDatabaseMutation/bin/kafka_2.12-2.1.0/bin/../libs/kafka_2.12-2.1.0.jar:/Users/narayanandurgadathan/PersonalGitRepo/QueueToDatabaseMutation/bin/kafka_2.12-2.1.0/bin/../libs/log4j-1.2.17.jar:/Users/narayanandurgadathan/PersonalGitRepo/QueueToDatabaseMutation/bin/kafka_2.12-2.1.0/bin/../libs/lz4-java-1.5.0.jar:/Users/narayanandurgadathan/PersonalGitRepo/QueueToDatabaseMutation/bin/kafka_2.12-2.1.0/bin/../libs/maven-artifact-3.5.4.jar:/Users/narayanandurgadathan/PersonalGitRepo/QueueToDatabaseMutation/bin/kafka_2.12-2.1.0/bin/../libs/metrics-core-2.2.0.jar:/Users/narayanandurgadathan/PersonalGitRepo/QueueToDatabaseMutation/bin/kafka_2.12-2.1.0/bin/../libs/osgi-resource-locator-1.0.1.jar:/Users/narayanandurgadathan/PersonalGitRepo/QueueToDatabaseMutation/bin/kafka_2.12-2.1.0/bin/../libs/plexus-utils-3.1.0.jar:/Users/narayanandurgadathan/PersonalGitRepo/QueueToDatabaseMutation/bin/kafka_2.12-2.1.0/bin/../libs/reflections-0.9.11.jar:/Users/narayanandurgadathan/PersonalGitRepo/QueueToDatabaseMutation/bin/kafka_2.12-2.1.0/bin/../libs/rocksdbjni-5.14.2.jar:/Users/narayanandurgadathan/PersonalGitRepo/QueueToDatabaseMutation/bin/kafka_2.12-2.1.0/bin/../libs/scala-library-2.12.7.jar:/Users/narayanandurgadathan/PersonalGitRepo/QueueToDatabaseMutation/bin/kafka_2.12-2.1.0/bin/../libs/scala-logging_2.12-3.9.0.jar:/Users/narayanandurgadathan/PersonalGitRepo/QueueToDatabaseMutation/bin/kafka_2.12-2.1.0/bin/../libs/scala-reflect-2.12.7.jar:/Users/narayanandurgadathan/PersonalGitRepo/QueueToDatabaseMutation/bin/kafka_2.12-2.1.0/bin/../libs/slf4j-api-1.7.25.jar:/Users/narayanandurgadathan/PersonalGitRepo/QueueToDatabaseMutation/bin/kafka_2.12-2.1.0/bin/../libs/slf4j-log4j12-1.7.25.jar:/Users/narayanandurgadathan/PersonalGitRepo/QueueToDatabaseMutation/bin/kafka_2.12-2.1.0/bin/../libs/snappy-java-1.1.7.2.jar:/Users/narayanandurgadathan/PersonalGitRepo/QueueToDatabaseMutation/bin/kafka_2.12-2.1.0/bin/../libs/validation-api-1.1.0.Final.jar:/Users/narayanandurgadathan/PersonalGitRepo/QueueToDatabaseMutation/bin/kafka_2.12-2.1.0/bin/../libs/zkclient-0.10.jar:/Users/narayanandurgadathan/PersonalGitRepo/QueueToDatabaseMutation/bin/kafka_2.12-2.1.0/bin/../libs/zookeeper-3.4.13.jar:/Users/narayanandurgadathan/PersonalGitRepo/QueueToDatabaseMutation/bin/kafka_2.12-2.1.0/bin/../libs/zstd-jni-1.3.5-4.jar (org.apache.zookeeper.server.ZooKeeperServer)
[2018-12-22 11:32:04,039] INFO Server environment:java.library.path=/Users/narayanandurgadathan/Library/Java/Extensions:/Library/Java/Extensions:/Network/Library/Java/Extensions:/System/Library/Java/Extensions:/usr/lib/java:. (org.apache.zookeeper.server.ZooKeeperServer)
[2018-12-22 11:32:04,039] INFO Server environment:java.io.tmpdir=/var/folders/3w/wqw3py6j2k36ms4_w3pt9ym80000gp/T/ (org.apache.zookeeper.server.ZooKeeperServer)
[2018-12-22 11:32:04,039] INFO Server environment:java.compiler=<NA> (org.apache.zookeeper.server.ZooKeeperServer)
[2018-12-22 11:32:04,039] INFO Server environment:os.name=Mac OS X (org.apache.zookeeper.server.ZooKeeperServer)
[2018-12-22 11:32:04,039] INFO Server environment:os.arch=x86_64 (org.apache.zookeeper.server.ZooKeeperServer)
[2018-12-22 11:32:04,039] INFO Server environment:os.version=10.13.5 (org.apache.zookeeper.server.ZooKeeperServer)
[2018-12-22 11:32:04,039] INFO Server environment:user.name=narayanandurgadathan (org.apache.zookeeper.server.ZooKeeperServer)
[2018-12-22 11:32:04,040] INFO Server environment:user.home=/Users/narayanandurgadathan (org.apache.zookeeper.server.ZooKeeperServer)
[2018-12-22 11:32:04,040] INFO Server environment:user.dir=/Users/narayanandurgadathan/PersonalGitRepo/QueueToDatabaseMutation/bin (org.apache.zookeeper.server.ZooKeeperServer)
[2018-12-22 11:32:04,046] INFO tickTime set to 3000 (org.apache.zookeeper.server.ZooKeeperServer)
[2018-12-22 11:32:04,046] INFO minSessionTimeout set to -1 (org.apache.zookeeper.server.ZooKeeperServer)
[2018-12-22 11:32:04,046] INFO maxSessionTimeout set to -1 (org.apache.zookeeper.server.ZooKeeperServer)
[2018-12-22 11:32:04,058] INFO Using org.apache.zookeeper.server.NIOServerCnxnFactory as server connection factory (org.apache.zookeeper.server.ServerCnxnFactory)
[2018-12-22 11:32:04,072] INFO binding to port 0.0.0.0/0.0.0.0:2181 (org.apache.zookeeper.server.NIOServerCnxnFactory)
[2018-12-22 11:32:04,494] INFO starting (kafka.server.KafkaServer)
[2018-12-22 11:32:04,495] INFO Connecting to zookeeper on localhost:2181 (kafka.server.KafkaServer)
[2018-12-22 11:32:04,511] INFO [ZooKeeperClient] Initializing a new session to localhost:2181. (kafka.zookeeper.ZooKeeperClient)
[2018-12-22 11:32:04,517] INFO Client environment:zookeeper.version=3.4.13-2d71af4dbe22557fda74f9a9b4309b15a7487f03, built on 06/29/2018 00:39 GMT (org.apache.zookeeper.ZooKeeper)
[2018-12-22 11:32:04,517] INFO Client environment:host.name=10.0.0.178 (org.apache.zookeeper.ZooKeeper)
[2018-12-22 11:32:04,517] INFO Client environment:java.version=1.8.0_171 (org.apache.zookeeper.ZooKeeper)
[2018-12-22 11:32:04,517] INFO Client environment:java.vendor=Oracle Corporation (org.apache.zookeeper.ZooKeeper)
[2018-12-22 11:32:04,517] INFO Client environment:java.home=/Library/Java/JavaVirtualMachines/jdk1.8.0_171.jdk/Contents/Home/jre (org.apache.zookeeper.ZooKeeper)
[2018-12-22 11:32:04,517] INFO Client environment:java.class.path=/Users/narayanandurgadathan/PersonalGitRepo/QueueToDatabaseMutation/bin/kafka_2.12-2.1.0/bin/../libs/activation-1.1.1.jar:/Users/narayanandurgadathan/PersonalGitRepo/QueueToDatabaseMutation/bin/kafka_2.12-2.1.0/bin/../libs/aopalliance-repackaged-2.5.0-b42.jar:/Users/narayanandurgadathan/PersonalGitRepo/QueueToDatabaseMutation/bin/kafka_2.12-2.1.0/bin/../libs/argparse4j-0.7.0.jar:/Users/narayanandurgadathan/PersonalGitRepo/QueueToDatabaseMutation/bin/kafka_2.12-2.1.0/bin/../libs/audience-annotations-0.5.0.jar:/Users/narayanandurgadathan/PersonalGitRepo/QueueToDatabaseMutation/bin/kafka_2.12-2.1.0/bin/../libs/commons-lang3-3.5.jar:/Users/narayanandurgadathan/PersonalGitRepo/QueueToDatabaseMutation/bin/kafka_2.12-2.1.0/bin/../libs/compileScala.mapping:/Users/narayanandurgadathan/PersonalGitRepo/QueueToDatabaseMutation/bin/kafka_2.12-2.1.0/bin/../libs/compileScala.mapping.asc:/Users/narayanandurgadathan/PersonalGitRepo/QueueToDatabaseMutation/bin/kafka_2.12-2.1.0/bin/../libs/connect-api-2.1.0.jar:/Users/narayanandurgadathan/PersonalGitRepo/QueueToDatabaseMutation/bin/kafka_2.12-2.1.0/bin/../libs/connect-basic-auth-extension-2.1.0.jar:/Users/narayanandurgadathan/PersonalGitRepo/QueueToDatabaseMutation/bin/kafka_2.12-2.1.0/bin/../libs/connect-file-2.1.0.jar:/Users/narayanandurgadathan/PersonalGitRepo/QueueToDatabaseMutation/bin/kafka_2.12-2.1.0/bin/../libs/connect-json-2.1.0.jar:/Users/narayanandurgadathan/PersonalGitRepo/QueueToDatabaseMutation/bin/kafka_2.12-2.1.0/bin/../libs/connect-runtime-2.1.0.jar:/Users/narayanandurgadathan/PersonalGitRepo/QueueToDatabaseMutation/bin/kafka_2.12-2.1.0/bin/../libs/connect-transforms-2.1.0.jar:/Users/narayanandurgadathan/PersonalGitRepo/QueueToDatabaseMutation/bin/kafka_2.12-2.1.0/bin/../libs/guava-20.0.jar:/Users/narayanandurgadathan/PersonalGitRepo/QueueToDatabaseMutation/bin/kafka_2.12-2.1.0/bin/../libs/hk2-api-2.5.0-b42.jar:/Users/narayanandurgadathan/PersonalGitRepo/QueueToDatabaseMutation/bin/kafka_2.12-2.1.0/bin/../libs/hk2-locator-2.5.0-b42.jar:/Users/narayanandurgadathan/PersonalGitRepo/QueueToDatabaseMutation/bin/kafka_2.12-2.1.0/bin/../libs/hk2-utils-2.5.0-b42.jar:/Users/narayanandurgadathan/PersonalGitRepo/QueueToDatabaseMutation/bin/kafka_2.12-2.1.0/bin/../libs/jackson-annotations-2.9.7.jar:/Users/narayanandurgadathan/PersonalGitRepo/QueueToDatabaseMutation/bin/kafka_2.12-2.1.0/bin/../libs/jackson-core-2.9.7.jar:/Users/narayanandurgadathan/PersonalGitRepo/QueueToDatabaseMutation/bin/kafka_2.12-2.1.0/bin/../libs/jackson-databind-2.9.7.jar:/Users/narayanandurgadathan/PersonalGitRepo/QueueToDatabaseMutation/bin/kafka_2.12-2.1.0/bin/../libs/jackson-jaxrs-base-2.9.7.jar:/Users/narayanandurgadathan/PersonalGitRepo/QueueToDatabaseMutation/bin/kafka_2.12-2.1.0/bin/../libs/jackson-jaxrs-json-provider-2.9.7.jar:/Users/narayanandurgadathan/PersonalGitRepo/QueueToDatabaseMutation/bin/kafka_2.12-2.1.0/bin/../libs/jackson-module-jaxb-annotations-2.9.7.jar:/Users/narayanandurgadathan/PersonalGitRepo/QueueToDatabaseMutation/bin/kafka_2.12-2.1.0/bin/../libs/javassist-3.22.0-CR2.jar:/Users/narayanandurgadathan/PersonalGitRepo/QueueToDatabaseMutation/bin/kafka_2.12-2.1.0/bin/../libs/javax.annotation-api-1.2.jar:/Users/narayanandurgadathan/PersonalGitRepo/QueueToDatabaseMutation/bin/kafka_2.12-2.1.0/bin/../libs/javax.inject-1.jar:/Users/narayanandurgadathan/PersonalGitRepo/QueueToDatabaseMutation/bin/kafka_2.12-2.1.0/bin/../libs/javax.inject-2.5.0-b42.jar:/Users/narayanandurgadathan/PersonalGitRepo/QueueToDatabaseMutation/bin/kafka_2.12-2.1.0/bin/../libs/javax.servlet-api-3.1.0.jar:/Users/narayanandurgadathan/PersonalGitRepo/QueueToDatabaseMutation/bin/kafka_2.12-2.1.0/bin/../libs/javax.ws.rs-api-2.1.1.jar:/Users/narayanandurgadathan/PersonalGitRepo/QueueToDatabaseMutation/bin/kafka_2.12-2.1.0/bin/../libs/javax.ws.rs-api-2.1.jar:/Users/narayanandurgadathan/PersonalGitRepo/QueueToDatabaseMutation/bin/kafka_2.12-2.1.0/bin/../libs/jaxb-api-2.3.0.jar:/Users/narayanandurgadathan/PersonalGitRepo/QueueToDatabaseMutation/bin/kafka_2.12-2.1.0/bin/../libs/jersey-client-2.27.jar:/Users/narayanandurgadathan/PersonalGitRepo/QueueToDatabaseMutation/bin/kafka_2.12-2.1.0/bin/../libs/jersey-common-2.27.jar:/Users/narayanandurgadathan/PersonalGitRepo/QueueToDatabaseMutation/bin/kafka_2.12-2.1.0/bin/../libs/jersey-container-servlet-2.27.jar:/Users/narayanandurgadathan/PersonalGitRepo/QueueToDatabaseMutation/bin/kafka_2.12-2.1.0/bin/../libs/jersey-container-servlet-core-2.27.jar:/Users/narayanandurgadathan/PersonalGitRepo/QueueToDatabaseMutation/bin/kafka_2.12-2.1.0/bin/../libs/jersey-hk2-2.27.jar:/Users/narayanandurgadathan/PersonalGitRepo/QueueToDatabaseMutation/bin/kafka_2.12-2.1.0/bin/../libs/jersey-media-jaxb-2.27.jar:/Users/narayanandurgadathan/PersonalGitRepo/QueueToDatabaseMutation/bin/kafka_2.12-2.1.0/bin/../libs/jersey-server-2.27.jar:/Users/narayanandurgadathan/PersonalGitRepo/QueueToDatabaseMutation/bin/kafka_2.12-2.1.0/bin/../libs/jetty-client-9.4.12.v20180830.jar:/Users/narayanandurgadathan/PersonalGitRepo/QueueToDatabaseMutation/bin/kafka_2.12-2.1.0/bin/../libs/jetty-continuation-9.4.12.v20180830.jar:/Users/narayanandurgadathan/PersonalGitRepo/QueueToDatabaseMutation/bin/kafka_2.12-2.1.0/bin/../libs/jetty-http-9.4.12.v20180830.jar:/Users/narayanandurgadathan/PersonalGitRepo/QueueToDatabaseMutation/bin/kafka_2.12-2.1.0/bin/../libs/jetty-io-9.4.12.v20180830.jar:/Users/narayanandurgadathan/PersonalGitRepo/QueueToDatabaseMutation/bin/kafka_2.12-2.1.0/bin/../libs/jetty-security-9.4.12.v20180830.jar:/Users/narayanandurgadathan/PersonalGitRepo/QueueToDatabaseMutation/bin/kafka_2.12-2.1.0/bin/../libs/jetty-server-9.4.12.v20180830.jar:/Users/narayanandurgadathan/PersonalGitRepo/QueueToDatabaseMutation/bin/kafka_2.12-2.1.0/bin/../libs/jetty-servlet-9.4.12.v20180830.jar:/Users/narayanandurgadathan/PersonalGitRepo/QueueToDatabaseMutation/bin/kafka_2.12-2.1.0/bin/../libs/jetty-servlets-9.4.12.v20180830.jar:/Users/narayanandurgadathan/PersonalGitRepo/QueueToDatabaseMutation/bin/kafka_2.12-2.1.0/bin/../libs/jetty-util-9.4.12.v20180830.jar:/Users/narayanandurgadathan/PersonalGitRepo/QueueToDatabaseMutation/bin/kafka_2.12-2.1.0/bin/../libs/jopt-simple-5.0.4.jar:/Users/narayanandurgadathan/PersonalGitRepo/QueueToDatabaseMutation/bin/kafka_2.12-2.1.0/bin/../libs/kafka-clients-2.1.0.jar:/Users/narayanandurgadathan/PersonalGitRepo/QueueToDatabaseMutation/bin/kafka_2.12-2.1.0/bin/../libs/kafka-log4j-appender-2.1.0.jar:/Users/narayanandurgadathan/PersonalGitRepo/QueueToDatabaseMutation/bin/kafka_2.12-2.1.0/bin/../libs/kafka-streams-2.1.0.jar:/Users/narayanandurgadathan/PersonalGitRepo/QueueToDatabaseMutation/bin/kafka_2.12-2.1.0/bin/../libs/kafka-streams-examples-2.1.0.jar:/Users/narayanandurgadathan/PersonalGitRepo/QueueToDatabaseMutation/bin/kafka_2.12-2.1.0/bin/../libs/kafka-streams-scala_2.12-2.1.0.jar:/Users/narayanandurgadathan/PersonalGitRepo/QueueToDatabaseMutation/bin/kafka_2.12-2.1.0/bin/../libs/kafka-streams-test-utils-2.1.0.jar:/Users/narayanandurgadathan/PersonalGitRepo/QueueToDatabaseMutation/bin/kafka_2.12-2.1.0/bin/../libs/kafka-tools-2.1.0.jar:/Users/narayanandurgadathan/PersonalGitRepo/QueueToDatabaseMutation/bin/kafka_2.12-2.1.0/bin/../libs/kafka_2.12-2.1.0-sources.jar:/Users/narayanandurgadathan/PersonalGitRepo/QueueToDatabaseMutation/bin/kafka_2.12-2.1.0/bin/../libs/kafka_2.12-2.1.0.jar:/Users/narayanandurgadathan/PersonalGitRepo/QueueToDatabaseMutation/bin/kafka_2.12-2.1.0/bin/../libs/log4j-1.2.17.jar:/Users/narayanandurgadathan/PersonalGitRepo/QueueToDatabaseMutation/bin/kafka_2.12-2.1.0/bin/../libs/lz4-java-1.5.0.jar:/Users/narayanandurgadathan/PersonalGitRepo/QueueToDatabaseMutation/bin/kafka_2.12-2.1.0/bin/../libs/maven-artifact-3.5.4.jar:/Users/narayanandurgadathan/PersonalGitRepo/QueueToDatabaseMutation/bin/kafka_2.12-2.1.0/bin/../libs/metrics-core-2.2.0.jar:/Users/narayanandurgadathan/PersonalGitRepo/QueueToDatabaseMutation/bin/kafka_2.12-2.1.0/bin/../libs/osgi-resource-locator-1.0.1.jar:/Users/narayanandurgadathan/PersonalGitRepo/QueueToDatabaseMutation/bin/kafka_2.12-2.1.0/bin/../libs/plexus-utils-3.1.0.jar:/Users/narayanandurgadathan/PersonalGitRepo/QueueToDatabaseMutation/bin/kafka_2.12-2.1.0/bin/../libs/reflections-0.9.11.jar:/Users/narayanandurgadathan/PersonalGitRepo/QueueToDatabaseMutation/bin/kafka_2.12-2.1.0/bin/../libs/rocksdbjni-5.14.2.jar:/Users/narayanandurgadathan/PersonalGitRepo/QueueToDatabaseMutation/bin/kafka_2.12-2.1.0/bin/../libs/scala-library-2.12.7.jar:/Users/narayanandurgadathan/PersonalGitRepo/QueueToDatabaseMutation/bin/kafka_2.12-2.1.0/bin/../libs/scala-logging_2.12-3.9.0.jar:/Users/narayanandurgadathan/PersonalGitRepo/QueueToDatabaseMutation/bin/kafka_2.12-2.1.0/bin/../libs/scala-reflect-2.12.7.jar:/Users/narayanandurgadathan/PersonalGitRepo/QueueToDatabaseMutation/bin/kafka_2.12-2.1.0/bin/../libs/slf4j-api-1.7.25.jar:/Users/narayanandurgadathan/PersonalGitRepo/QueueToDatabaseMutation/bin/kafka_2.12-2.1.0/bin/../libs/slf4j-log4j12-1.7.25.jar:/Users/narayanandurgadathan/PersonalGitRepo/QueueToDatabaseMutation/bin/kafka_2.12-2.1.0/bin/../libs/snappy-java-1.1.7.2.jar:/Users/narayanandurgadathan/PersonalGitRepo/QueueToDatabaseMutation/bin/kafka_2.12-2.1.0/bin/../libs/validation-api-1.1.0.Final.jar:/Users/narayanandurgadathan/PersonalGitRepo/QueueToDatabaseMutation/bin/kafka_2.12-2.1.0/bin/../libs/zkclient-0.10.jar:/Users/narayanandurgadathan/PersonalGitRepo/QueueToDatabaseMutation/bin/kafka_2.12-2.1.0/bin/../libs/zookeeper-3.4.13.jar:/Users/narayanandurgadathan/PersonalGitRepo/QueueToDatabaseMutation/bin/kafka_2.12-2.1.0/bin/../libs/zstd-jni-1.3.5-4.jar (org.apache.zookeeper.ZooKeeper)
[2018-12-22 11:32:04,518] INFO Client environment:java.library.path=/Users/narayanandurgadathan/Library/Java/Extensions:/Library/Java/Extensions:/Network/Library/Java/Extensions:/System/Library/Java/Extensions:/usr/lib/java:. (org.apache.zookeeper.ZooKeeper)
[2018-12-22 11:32:04,518] INFO Client environment:java.io.tmpdir=/var/folders/3w/wqw3py6j2k36ms4_w3pt9ym80000gp/T/ (org.apache.zookeeper.ZooKeeper)
[2018-12-22 11:32:04,518] INFO Client environment:java.compiler=<NA> (org.apache.zookeeper.ZooKeeper)
[2018-12-22 11:32:04,518] INFO Client environment:os.name=Mac OS X (org.apache.zookeeper.ZooKeeper)
[2018-12-22 11:32:04,518] INFO Client environment:os.arch=x86_64 (org.apache.zookeeper.ZooKeeper)
[2018-12-22 11:32:04,518] INFO Client environment:os.version=10.13.5 (org.apache.zookeeper.ZooKeeper)
[2018-12-22 11:32:04,518] INFO Client environment:user.name=narayanandurgadathan (org.apache.zookeeper.ZooKeeper)
[2018-12-22 11:32:04,518] INFO Client environment:user.home=/Users/narayanandurgadathan (org.apache.zookeeper.ZooKeeper)
[2018-12-22 11:32:04,518] INFO Client environment:user.dir=/Users/narayanandurgadathan/PersonalGitRepo/QueueToDatabaseMutation/bin (org.apache.zookeeper.ZooKeeper)
[2018-12-22 11:32:04,519] INFO Initiating client connection, connectString=localhost:2181 sessionTimeout=6000 watcher=kafka.zookeeper.ZooKeeperClient$ZooKeeperClientWatcher$@470f1802 (org.apache.zookeeper.ZooKeeper)
[2018-12-22 11:32:04,531] INFO [ZooKeeperClient] Waiting until connected. (kafka.zookeeper.ZooKeeperClient)
[2018-12-22 11:32:04,531] INFO Opening socket connection to server localhost/0:0:0:0:0:0:0:1:2181. Will not attempt to authenticate using SASL (unknown error) (org.apache.zookeeper.ClientCnxn)
[2018-12-22 11:32:04,547] INFO Socket connection established to localhost/0:0:0:0:0:0:0:1:2181, initiating session (org.apache.zookeeper.ClientCnxn)
[2018-12-22 11:32:04,547] INFO Accepted socket connection from /0:0:0:0:0:0:0:1:49483 (org.apache.zookeeper.server.NIOServerCnxnFactory)
[2018-12-22 11:32:04,571] INFO Client attempting to establish new session at /0:0:0:0:0:0:0:1:49483 (org.apache.zookeeper.server.ZooKeeperServer)
[2018-12-22 11:32:04,576] INFO Creating new log file: log.1 (org.apache.zookeeper.server.persistence.FileTxnLog)
[2018-12-22 11:32:04,595] INFO Established session 0x10006920d010000 with negotiated timeout 6000 for client /0:0:0:0:0:0:0:1:49483 (org.apache.zookeeper.server.ZooKeeperServer)
[2018-12-22 11:32:04,597] INFO Session establishment complete on server localhost/0:0:0:0:0:0:0:1:2181, sessionid = 0x10006920d010000, negotiated timeout = 6000 (org.apache.zookeeper.ClientCnxn)
[2018-12-22 11:32:04,601] INFO [ZooKeeperClient] Connected. (kafka.zookeeper.ZooKeeperClient)
[2018-12-22 11:32:04,711] INFO Got user-level KeeperException when processing sessionid:0x10006920d010000 type:create cxid:0x2 zxid:0x3 txntype:-1 reqpath:n/a Error Path:/brokers Error:KeeperErrorCode = NoNode for /brokers (org.apache.zookeeper.server.PrepRequestProcessor)
[2018-12-22 11:32:04,718] INFO Got user-level KeeperException when processing sessionid:0x10006920d010000 type:create cxid:0x6 zxid:0x7 txntype:-1 reqpath:n/a Error Path:/config Error:KeeperErrorCode = NoNode for /config (org.apache.zookeeper.server.PrepRequestProcessor)
[2018-12-22 11:32:04,722] INFO Got user-level KeeperException when processing sessionid:0x10006920d010000 type:create cxid:0x9 zxid:0xa txntype:-1 reqpath:n/a Error Path:/admin Error:KeeperErrorCode = NoNode for /admin (org.apache.zookeeper.server.PrepRequestProcessor)
[2018-12-22 11:32:05,008] INFO Got user-level KeeperException when processing sessionid:0x10006920d010000 type:create cxid:0x15 zxid:0x15 txntype:-1 reqpath:n/a Error Path:/cluster Error:KeeperErrorCode = NoNode for /cluster (org.apache.zookeeper.server.PrepRequestProcessor)
[2018-12-22 11:32:05,013] INFO Cluster ID = HXG4AI3QRc2mSPJqI0LZ4Q (kafka.server.KafkaServer)
[2018-12-22 11:32:05,025] WARN No meta.properties file under dir /Users/narayanandurgadathan/PersonalGitRepo/QueueToDatabaseMutation/bin/../tmp/kafka-logs-1/meta.properties (kafka.server.BrokerMetadataCheckpoint)
[2018-12-22 11:32:05,112] INFO KafkaConfig values: 
	advertised.host.name = null
	advertised.listeners = null
	advertised.port = null
	alter.config.policy.class.name = null
	alter.log.dirs.replication.quota.window.num = 11
	alter.log.dirs.replication.quota.window.size.seconds = 1
	authorizer.class.name = 
	auto.create.topics.enable = true
	auto.leader.rebalance.enable = true
	background.threads = 10
	broker.id = 1
	broker.id.generation.enable = true
	broker.rack = null
	client.quota.callback.class = null
	compression.type = producer
	connection.failed.authentication.delay.ms = 100
	connections.max.idle.ms = 600000
	controlled.shutdown.enable = true
	controlled.shutdown.max.retries = 3
	controlled.shutdown.retry.backoff.ms = 5000
	controller.socket.timeout.ms = 30000
	create.topic.policy.class.name = null
	default.replication.factor = 1
	delegation.token.expiry.check.interval.ms = 3600000
	delegation.token.expiry.time.ms = 86400000
	delegation.token.master.key = null
	delegation.token.max.lifetime.ms = 604800000
	delete.records.purgatory.purge.interval.requests = 1
	delete.topic.enable = true
	fetch.purgatory.purge.interval.requests = 1000
	group.initial.rebalance.delay.ms = 0
	group.max.session.timeout.ms = 300000
	group.min.session.timeout.ms = 6000
	host.name = 
	inter.broker.listener.name = null
	inter.broker.protocol.version = 2.1-IV2
	kafka.metrics.polling.interval.secs = 10
	kafka.metrics.reporters = []
	leader.imbalance.check.interval.seconds = 300
	leader.imbalance.per.broker.percentage = 10
	listener.security.protocol.map = PLAINTEXT:PLAINTEXT,SSL:SSL,SASL_PLAINTEXT:SASL_PLAINTEXT,SASL_SSL:SASL_SSL
	listeners = PLAINTEXT://:9092
	log.cleaner.backoff.ms = 15000
	log.cleaner.dedupe.buffer.size = 134217728
	log.cleaner.delete.retention.ms = 86400000
	log.cleaner.enable = true
	log.cleaner.io.buffer.load.factor = 0.9
	log.cleaner.io.buffer.size = 524288
	log.cleaner.io.max.bytes.per.second = 1.7976931348623157E308
	log.cleaner.min.cleanable.ratio = 0.5
	log.cleaner.min.compaction.lag.ms = 0
	log.cleaner.threads = 1
	log.cleanup.policy = [delete]
	log.dir = /tmp/kafka-logs
	log.dirs = ../tmp/kafka-logs-1
	log.flush.interval.messages = 9223372036854775807
	log.flush.interval.ms = null
	log.flush.offset.checkpoint.interval.ms = 60000
	log.flush.scheduler.interval.ms = 9223372036854775807
	log.flush.start.offset.checkpoint.interval.ms = 60000
	log.index.interval.bytes = 4096
	log.index.size.max.bytes = 10485760
	log.message.downconversion.enable = true
	log.message.format.version = 2.1-IV2
	log.message.timestamp.difference.max.ms = 9223372036854775807
	log.message.timestamp.type = CreateTime
	log.preallocate = false
	log.retention.bytes = -1
	log.retention.check.interval.ms = 300000
	log.retention.hours = 168
	log.retention.minutes = null
	log.retention.ms = null
	log.roll.hours = 168
	log.roll.jitter.hours = 0
	log.roll.jitter.ms = null
	log.roll.ms = null
	log.segment.bytes = 1073741824
	log.segment.delete.delay.ms = 60000
	max.connections.per.ip = 2147483647
	max.connections.per.ip.overrides = 
	max.incremental.fetch.session.cache.slots = 1000
	message.max.bytes = 1000012
	metric.reporters = []
	metrics.num.samples = 2
	metrics.recording.level = INFO
	metrics.sample.window.ms = 30000
	min.insync.replicas = 1
	num.io.threads = 8
	num.network.threads = 3
	num.partitions = 1
	num.recovery.threads.per.data.dir = 1
	num.replica.alter.log.dirs.threads = null
	num.replica.fetchers = 1
	offset.metadata.max.bytes = 4096
	offsets.commit.required.acks = -1
	offsets.commit.timeout.ms = 5000
	offsets.load.buffer.size = 5242880
	offsets.retention.check.interval.ms = 600000
	offsets.retention.minutes = 10080
	offsets.topic.compression.codec = 0
	offsets.topic.num.partitions = 50
	offsets.topic.replication.factor = 1
	offsets.topic.segment.bytes = 104857600
	password.encoder.cipher.algorithm = AES/CBC/PKCS5Padding
	password.encoder.iterations = 4096
	password.encoder.key.length = 128
	password.encoder.keyfactory.algorithm = null
	password.encoder.old.secret = null
	password.encoder.secret = null
	port = 9092
	principal.builder.class = null
	producer.purgatory.purge.interval.requests = 1000
	queued.max.request.bytes = -1
	queued.max.requests = 500
	quota.consumer.default = 9223372036854775807
	quota.producer.default = 9223372036854775807
	quota.window.num = 11
	quota.window.size.seconds = 1
	replica.fetch.backoff.ms = 1000
	replica.fetch.max.bytes = 1048576
	replica.fetch.min.bytes = 1
	replica.fetch.response.max.bytes = 10485760
	replica.fetch.wait.max.ms = 500
	replica.high.watermark.checkpoint.interval.ms = 5000
	replica.lag.time.max.ms = 10000
	replica.socket.receive.buffer.bytes = 65536
	replica.socket.timeout.ms = 30000
	replication.quota.window.num = 11
	replication.quota.window.size.seconds = 1
	request.timeout.ms = 30000
	reserved.broker.max.id = 1000
	sasl.client.callback.handler.class = null
	sasl.enabled.mechanisms = [GSSAPI]
	sasl.jaas.config = null
	sasl.kerberos.kinit.cmd = /usr/bin/kinit
	sasl.kerberos.min.time.before.relogin = 60000
	sasl.kerberos.principal.to.local.rules = [DEFAULT]
	sasl.kerberos.service.name = null
	sasl.kerberos.ticket.renew.jitter = 0.05
	sasl.kerberos.ticket.renew.window.factor = 0.8
	sasl.login.callback.handler.class = null
	sasl.login.class = null
	sasl.login.refresh.buffer.seconds = 300
	sasl.login.refresh.min.period.seconds = 60
	sasl.login.refresh.window.factor = 0.8
	sasl.login.refresh.window.jitter = 0.05
	sasl.mechanism.inter.broker.protocol = GSSAPI
	sasl.server.callback.handler.class = null
	security.inter.broker.protocol = PLAINTEXT
	socket.receive.buffer.bytes = 102400
	socket.request.max.bytes = 104857600
	socket.send.buffer.bytes = 102400
	ssl.cipher.suites = []
	ssl.client.auth = none
	ssl.enabled.protocols = [TLSv1.2, TLSv1.1, TLSv1]
	ssl.endpoint.identification.algorithm = https
	ssl.key.password = null
	ssl.keymanager.algorithm = SunX509
	ssl.keystore.location = null
	ssl.keystore.password = null
	ssl.keystore.type = JKS
	ssl.protocol = TLS
	ssl.provider = null
	ssl.secure.random.implementation = null
	ssl.trustmanager.algorithm = PKIX
	ssl.truststore.location = null
	ssl.truststore.password = null
	ssl.truststore.type = JKS
	transaction.abort.timed.out.transaction.cleanup.interval.ms = 60000
	transaction.max.timeout.ms = 900000
	transaction.remove.expired.transaction.cleanup.interval.ms = 3600000
	transaction.state.log.load.buffer.size = 5242880
	transaction.state.log.min.isr = 1
	transaction.state.log.num.partitions = 50
	transaction.state.log.replication.factor = 1
	transaction.state.log.segment.bytes = 104857600
	transactional.id.expiration.ms = 604800000
	unclean.leader.election.enable = false
	zookeeper.connect = localhost:2181
	zookeeper.connection.timeout.ms = 6000
	zookeeper.max.in.flight.requests = 10
	zookeeper.session.timeout.ms = 6000
	zookeeper.set.acl = false
	zookeeper.sync.time.ms = 2000
 (kafka.server.KafkaConfig)
[2018-12-22 11:32:05,120] INFO KafkaConfig values: 
	advertised.host.name = null
	advertised.listeners = null
	advertised.port = null
	alter.config.policy.class.name = null
	alter.log.dirs.replication.quota.window.num = 11
	alter.log.dirs.replication.quota.window.size.seconds = 1
	authorizer.class.name = 
	auto.create.topics.enable = true
	auto.leader.rebalance.enable = true
	background.threads = 10
	broker.id = 1
	broker.id.generation.enable = true
	broker.rack = null
	client.quota.callback.class = null
	compression.type = producer
	connection.failed.authentication.delay.ms = 100
	connections.max.idle.ms = 600000
	controlled.shutdown.enable = true
	controlled.shutdown.max.retries = 3
	controlled.shutdown.retry.backoff.ms = 5000
	controller.socket.timeout.ms = 30000
	create.topic.policy.class.name = null
	default.replication.factor = 1
	delegation.token.expiry.check.interval.ms = 3600000
	delegation.token.expiry.time.ms = 86400000
	delegation.token.master.key = null
	delegation.token.max.lifetime.ms = 604800000
	delete.records.purgatory.purge.interval.requests = 1
	delete.topic.enable = true
	fetch.purgatory.purge.interval.requests = 1000
	group.initial.rebalance.delay.ms = 0
	group.max.session.timeout.ms = 300000
	group.min.session.timeout.ms = 6000
	host.name = 
	inter.broker.listener.name = null
	inter.broker.protocol.version = 2.1-IV2
	kafka.metrics.polling.interval.secs = 10
	kafka.metrics.reporters = []
	leader.imbalance.check.interval.seconds = 300
	leader.imbalance.per.broker.percentage = 10
	listener.security.protocol.map = PLAINTEXT:PLAINTEXT,SSL:SSL,SASL_PLAINTEXT:SASL_PLAINTEXT,SASL_SSL:SASL_SSL
	listeners = PLAINTEXT://:9092
	log.cleaner.backoff.ms = 15000
	log.cleaner.dedupe.buffer.size = 134217728
	log.cleaner.delete.retention.ms = 86400000
	log.cleaner.enable = true
	log.cleaner.io.buffer.load.factor = 0.9
	log.cleaner.io.buffer.size = 524288
	log.cleaner.io.max.bytes.per.second = 1.7976931348623157E308
	log.cleaner.min.cleanable.ratio = 0.5
	log.cleaner.min.compaction.lag.ms = 0
	log.cleaner.threads = 1
	log.cleanup.policy = [delete]
	log.dir = /tmp/kafka-logs
	log.dirs = ../tmp/kafka-logs-1
	log.flush.interval.messages = 9223372036854775807
	log.flush.interval.ms = null
	log.flush.offset.checkpoint.interval.ms = 60000
	log.flush.scheduler.interval.ms = 9223372036854775807
	log.flush.start.offset.checkpoint.interval.ms = 60000
	log.index.interval.bytes = 4096
	log.index.size.max.bytes = 10485760
	log.message.downconversion.enable = true
	log.message.format.version = 2.1-IV2
	log.message.timestamp.difference.max.ms = 9223372036854775807
	log.message.timestamp.type = CreateTime
	log.preallocate = false
	log.retention.bytes = -1
	log.retention.check.interval.ms = 300000
	log.retention.hours = 168
	log.retention.minutes = null
	log.retention.ms = null
	log.roll.hours = 168
	log.roll.jitter.hours = 0
	log.roll.jitter.ms = null
	log.roll.ms = null
	log.segment.bytes = 1073741824
	log.segment.delete.delay.ms = 60000
	max.connections.per.ip = 2147483647
	max.connections.per.ip.overrides = 
	max.incremental.fetch.session.cache.slots = 1000
	message.max.bytes = 1000012
	metric.reporters = []
	metrics.num.samples = 2
	metrics.recording.level = INFO
	metrics.sample.window.ms = 30000
	min.insync.replicas = 1
	num.io.threads = 8
	num.network.threads = 3
	num.partitions = 1
	num.recovery.threads.per.data.dir = 1
	num.replica.alter.log.dirs.threads = null
	num.replica.fetchers = 1
	offset.metadata.max.bytes = 4096
	offsets.commit.required.acks = -1
	offsets.commit.timeout.ms = 5000
	offsets.load.buffer.size = 5242880
	offsets.retention.check.interval.ms = 600000
	offsets.retention.minutes = 10080
	offsets.topic.compression.codec = 0
	offsets.topic.num.partitions = 50
	offsets.topic.replication.factor = 1
	offsets.topic.segment.bytes = 104857600
	password.encoder.cipher.algorithm = AES/CBC/PKCS5Padding
	password.encoder.iterations = 4096
	password.encoder.key.length = 128
	password.encoder.keyfactory.algorithm = null
	password.encoder.old.secret = null
	password.encoder.secret = null
	port = 9092
	principal.builder.class = null
	producer.purgatory.purge.interval.requests = 1000
	queued.max.request.bytes = -1
	queued.max.requests = 500
	quota.consumer.default = 9223372036854775807
	quota.producer.default = 9223372036854775807
	quota.window.num = 11
	quota.window.size.seconds = 1
	replica.fetch.backoff.ms = 1000
	replica.fetch.max.bytes = 1048576
	replica.fetch.min.bytes = 1
	replica.fetch.response.max.bytes = 10485760
	replica.fetch.wait.max.ms = 500
	replica.high.watermark.checkpoint.interval.ms = 5000
	replica.lag.time.max.ms = 10000
	replica.socket.receive.buffer.bytes = 65536
	replica.socket.timeout.ms = 30000
	replication.quota.window.num = 11
	replication.quota.window.size.seconds = 1
	request.timeout.ms = 30000
	reserved.broker.max.id = 1000
	sasl.client.callback.handler.class = null
	sasl.enabled.mechanisms = [GSSAPI]
	sasl.jaas.config = null
	sasl.kerberos.kinit.cmd = /usr/bin/kinit
	sasl.kerberos.min.time.before.relogin = 60000
	sasl.kerberos.principal.to.local.rules = [DEFAULT]
	sasl.kerberos.service.name = null
	sasl.kerberos.ticket.renew.jitter = 0.05
	sasl.kerberos.ticket.renew.window.factor = 0.8
	sasl.login.callback.handler.class = null
	sasl.login.class = null
	sasl.login.refresh.buffer.seconds = 300
	sasl.login.refresh.min.period.seconds = 60
	sasl.login.refresh.window.factor = 0.8
	sasl.login.refresh.window.jitter = 0.05
	sasl.mechanism.inter.broker.protocol = GSSAPI
	sasl.server.callback.handler.class = null
	security.inter.broker.protocol = PLAINTEXT
	socket.receive.buffer.bytes = 102400
	socket.request.max.bytes = 104857600
	socket.send.buffer.bytes = 102400
	ssl.cipher.suites = []
	ssl.client.auth = none
	ssl.enabled.protocols = [TLSv1.2, TLSv1.1, TLSv1]
	ssl.endpoint.identification.algorithm = https
	ssl.key.password = null
	ssl.keymanager.algorithm = SunX509
	ssl.keystore.location = null
	ssl.keystore.password = null
	ssl.keystore.type = JKS
	ssl.protocol = TLS
	ssl.provider = null
	ssl.secure.random.implementation = null
	ssl.trustmanager.algorithm = PKIX
	ssl.truststore.location = null
	ssl.truststore.password = null
	ssl.truststore.type = JKS
	transaction.abort.timed.out.transaction.cleanup.interval.ms = 60000
	transaction.max.timeout.ms = 900000
	transaction.remove.expired.transaction.cleanup.interval.ms = 3600000
	transaction.state.log.load.buffer.size = 5242880
	transaction.state.log.min.isr = 1
	transaction.state.log.num.partitions = 50
	transaction.state.log.replication.factor = 1
	transaction.state.log.segment.bytes = 104857600
	transactional.id.expiration.ms = 604800000
	unclean.leader.election.enable = false
	zookeeper.connect = localhost:2181
	zookeeper.connection.timeout.ms = 6000
	zookeeper.max.in.flight.requests = 10
	zookeeper.session.timeout.ms = 6000
	zookeeper.set.acl = false
	zookeeper.sync.time.ms = 2000
 (kafka.server.KafkaConfig)
[2018-12-22 11:32:05,156] INFO [ThrottledChannelReaper-Fetch]: Starting (kafka.server.ClientQuotaManager$ThrottledChannelReaper)
[2018-12-22 11:32:05,156] INFO [ThrottledChannelReaper-Produce]: Starting (kafka.server.ClientQuotaManager$ThrottledChannelReaper)
[2018-12-22 11:32:05,158] INFO [ThrottledChannelReaper-Request]: Starting (kafka.server.ClientQuotaManager$ThrottledChannelReaper)
[2018-12-22 11:32:05,191] INFO Log directory /Users/narayanandurgadathan/PersonalGitRepo/QueueToDatabaseMutation/bin/../tmp/kafka-logs-1 not found, creating it. (kafka.log.LogManager)
[2018-12-22 11:32:05,203] INFO Loading logs. (kafka.log.LogManager)
[2018-12-22 11:32:05,212] INFO Logs loading complete in 9 ms. (kafka.log.LogManager)
[2018-12-22 11:32:05,239] INFO Starting log cleanup with a period of 300000 ms. (kafka.log.LogManager)
[2018-12-22 11:32:05,242] INFO Starting log flusher with a default period of 9223372036854775807 ms. (kafka.log.LogManager)
[2018-12-22 11:32:05,720] INFO Awaiting socket connections on 0.0.0.0:9092. (kafka.network.Acceptor)
[2018-12-22 11:32:05,756] INFO [SocketServer brokerId=1] Started 1 acceptor threads (kafka.network.SocketServer)
[2018-12-22 11:32:05,783] INFO [ExpirationReaper-1-Produce]: Starting (kafka.server.DelayedOperationPurgatory$ExpiredOperationReaper)
[2018-12-22 11:32:05,783] INFO [ExpirationReaper-1-Fetch]: Starting (kafka.server.DelayedOperationPurgatory$ExpiredOperationReaper)
[2018-12-22 11:32:05,784] INFO [ExpirationReaper-1-DeleteRecords]: Starting (kafka.server.DelayedOperationPurgatory$ExpiredOperationReaper)
[2018-12-22 11:32:05,799] INFO [LogDirFailureHandler]: Starting (kafka.server.ReplicaManager$LogDirFailureHandler)
[2018-12-22 11:32:05,826] INFO Creating /brokers/ids/1 (is it secure? false) (kafka.zk.KafkaZkClient)
[2018-12-22 11:32:05,828] INFO Result of znode creation at /brokers/ids/1 is: OK (kafka.zk.KafkaZkClient)
[2018-12-22 11:32:05,829] INFO Registered broker 1 at path /brokers/ids/1 with addresses: ArrayBuffer(EndPoint(10.0.0.178,9092,ListenerName(PLAINTEXT),PLAINTEXT)) (kafka.zk.KafkaZkClient)
[2018-12-22 11:32:05,831] WARN No meta.properties file under dir /Users/narayanandurgadathan/PersonalGitRepo/QueueToDatabaseMutation/bin/../tmp/kafka-logs-1/meta.properties (kafka.server.BrokerMetadataCheckpoint)
[2018-12-22 11:32:05,914] INFO [ExpirationReaper-1-topic]: Starting (kafka.server.DelayedOperationPurgatory$ExpiredOperationReaper)
[2018-12-22 11:32:05,918] INFO [ExpirationReaper-1-Heartbeat]: Starting (kafka.server.DelayedOperationPurgatory$ExpiredOperationReaper)
[2018-12-22 11:32:05,919] INFO [ExpirationReaper-1-Rebalance]: Starting (kafka.server.DelayedOperationPurgatory$ExpiredOperationReaper)
[2018-12-22 11:32:05,921] INFO Successfully created /controller_epoch with initial epoch 0 (kafka.zk.KafkaZkClient)
[2018-12-22 11:32:05,967] INFO [GroupCoordinator 1]: Starting up. (kafka.coordinator.group.GroupCoordinator)
[2018-12-22 11:32:05,973] INFO [GroupMetadataManager brokerId=1] Removed 0 expired offsets in 5 milliseconds. (kafka.coordinator.group.GroupMetadataManager)
[2018-12-22 11:32:05,981] INFO [GroupCoordinator 1]: Startup complete. (kafka.coordinator.group.GroupCoordinator)
[2018-12-22 11:32:05,996] INFO [ProducerId Manager 1]: Acquired new producerId block (brokerId:1,blockStartProducerId:0,blockEndProducerId:999) by writing to Zk with path version 1 (kafka.coordinator.transaction.ProducerIdManager)
[2018-12-22 11:32:06,029] INFO [TransactionCoordinator id=1] Starting up. (kafka.coordinator.transaction.TransactionCoordinator)
[2018-12-22 11:32:06,030] INFO [Transaction Marker Channel Manager 1]: Starting (kafka.coordinator.transaction.TransactionMarkerChannelManager)
[2018-12-22 11:32:06,034] INFO [TransactionCoordinator id=1] Startup complete. (kafka.coordinator.transaction.TransactionCoordinator)
[2018-12-22 11:32:06,103] INFO Got user-level KeeperException when processing sessionid:0x10006920d010000 type:multi cxid:0x30 zxid:0x1c txntype:-1 reqpath:n/a aborting remaining multi ops. Error Path:/admin/reassign_partitions Error:KeeperErrorCode = NoNode for /admin/reassign_partitions (org.apache.zookeeper.server.PrepRequestProcessor)
[2018-12-22 11:32:06,114] INFO Got user-level KeeperException when processing sessionid:0x10006920d010000 type:multi cxid:0x32 zxid:0x1d txntype:-1 reqpath:n/a aborting remaining multi ops. Error Path:/admin/preferred_replica_election Error:KeeperErrorCode = NoNode for /admin/preferred_replica_election (org.apache.zookeeper.server.PrepRequestProcessor)
[2018-12-22 11:32:06,157] INFO [/config/changes-event-process-thread]: Starting (kafka.common.ZkNodeChangeNotificationListener$ChangeEventProcessThread)
[2018-12-22 11:32:06,171] INFO [SocketServer brokerId=1] Started processors for 1 acceptors (kafka.network.SocketServer)
[2018-12-22 11:32:06,176] INFO Kafka version : 2.1.0 (org.apache.kafka.common.utils.AppInfoParser)
[2018-12-22 11:32:06,176] INFO Kafka commitId : 809be928f1ae004e (org.apache.kafka.common.utils.AppInfoParser)
[2018-12-22 11:32:06,178] INFO [KafkaServer id=1] started (kafka.server.KafkaServer)
[2018-12-22 11:33:02,966] WARN Unable to read additional data from client sessionid 0x10006920d010000, likely client has closed socket (org.apache.zookeeper.server.NIOServerCnxn)
[2018-12-22 11:33:02,966] INFO Closed socket connection for client /0:0:0:0:0:0:0:1:49483 which had sessionid 0x10006920d010000 (org.apache.zookeeper.server.NIOServerCnxn)
[2018-12-22 11:33:10,213] INFO Expiring session 0x10006920d010000, timeout of 6000ms exceeded (org.apache.zookeeper.server.ZooKeeperServer)
[2018-12-22 11:33:10,214] INFO Processed session termination for sessionid: 0x10006920d010000 (org.apache.zookeeper.server.PrepRequestProcessor)
